<?xml version="1.0" encoding="UTF-8" ?>
<testsuite tests="19" failures="0" name="CucumberRunner" time="23.181" errors="0" skipped="0">
  <properties>
[...]
</properties>
  <testcase classname="| 450000 | 10 | 5 | Bi-Weekly | 6500 |  | Must be a value between 0 and 40% |" name="Given User have Application url to launch" time="0.002"/>
  <testcase classname="| 450000 | 10 | 5 | Bi-Weekly | 6500 |  | Must be a value between 0 and 40% |" name="When User enters Outstanding Balance as &quot;450000&quot;" time="0"/>
  <testcase classname="| 450000 | 10 | 5 | Bi-Weekly | 6500 |  | Must be a value between 0 and 40% |" name="And Remaining term as &quot;10&quot; years &quot;5&quot; months" time="0"/>
  <testcase classname="| 450000 | 10 | 5 | Bi-Weekly | 6500 |  | Must be a value between 0 and 40% |" name="And Payment frequency as &quot;Bi-Weekly&quot;" time="0"/>
  <testcase classname="| 450000 | 10 | 5 | Bi-Weekly | 6500 |  | Must be a value between 0 and 40% |" name="And Payment amount as &quot;6500&quot;" time="0"/>
  <testcase classname="| 450000 | 10 | 5 | Bi-Weekly | 6500 |  | Must be a value between 0 and 40% |" name="And Current Interest Rate as &quot;&quot;" time="0"/>
  <testcase classname="| 450000 | 10 | 5 | Bi-Weekly | 6500 |  | Must be a value between 0 and 40% |" name="And click on Calculate Button" time="0"/>
  <testcase classname="| 450000 | 10 | 5 | Bi-Weekly | 6500 |  | Must be a value between 0 and 40% |" name="Then &quot;Must be a value between 0 and 40%&quot; is displayed" time="0"/>
  <testcase classname="| 450000 | 10 | 5 | Bi-Weekly | 6500 |  | Must be a value between 0 and 40% |" name="| 450000 | 10 | 5 | Bi-Weekly | 6500 |  | Must be a value between 0 and 40% |" time="2.326"/>
  <testcase classname="| 450000 | 10 | 5 | Bi-Weekly | 6500 | 6.45 | 7256.25 | 302343.75 |" name="Given User have Application url to launch" time="0"/>
  <testcase classname="| 450000 | 10 | 5 | Bi-Weekly | 6500 | 6.45 | 7256.25 | 302343.75 |" name="When User enters Outstanding Balance as &quot;450000&quot;" time="0"/>
  <testcase classname="| 450000 | 10 | 5 | Bi-Weekly | 6500 | 6.45 | 7256.25 | 302343.75 |" name="And Remaining term as &quot;10&quot; years &quot;5&quot; months" time="0"/>
  <testcase classname="| 450000 | 10 | 5 | Bi-Weekly | 6500 | 6.45 | 7256.25 | 302343.75 |" name="And Payment frequency as &quot;Bi-Weekly&quot;" time="0"/>
  <testcase classname="| 450000 | 10 | 5 | Bi-Weekly | 6500 | 6.45 | 7256.25 | 302343.75 |" name="And Payment amount as &quot;6500&quot;" time="0"/>
  <testcase classname="| 450000 | 10 | 5 | Bi-Weekly | 6500 | 6.45 | 7256.25 | 302343.75 |" name="And Current Interest Rate as &quot;6.45&quot;" time="0"/>
  <testcase classname="| 450000 | 10 | 5 | Bi-Weekly | 6500 | 6.45 | 7256.25 | 302343.75 |" name="And click on Calculate Button" time="0"/>
  <testcase classname="| 450000 | 10 | 5 | Bi-Weekly | 6500 | 6.45 | 7256.25 | 302343.75 |" name="Then 3 Month Penalty is &quot;7256.25&quot; displayed" time="0"/>
  <testcase classname="| 450000 | 10 | 5 | Bi-Weekly | 6500 | 6.45 | 7256.25 | 302343.75 |" name="And Interest Rate Differential is &quot;302343.75&quot; displayed" time="0"/>
  <testcase classname="| 450000 | 10 | 5 | Bi-Weekly | 6500 | 6.45 | 7256.25 | 302343.75 |" name="| 450000 | 10 | 5 | Bi-Weekly | 6500 | 6.45 | 7256.25 | 302343.75 |" time="0.277"/>
</testsuite>